Analysis & Synthesis report for aritmetico
Sun Jun 06 19:45:48 2021
Quartus Prime Version 20.1.1 Build 720 11/11/2020 SJ Lite Edition


---------------------
; Table of Contents ;
---------------------
  1. Legal Notice
  2. Analysis & Synthesis Summary
  3. Analysis & Synthesis Settings
  4. Parallel Compilation
  5. Analysis & Synthesis Source Files Read
  6. Analysis & Synthesis Resource Usage Summary
  7. Analysis & Synthesis Resource Utilization by Entity
  8. General Register Statistics
  9. Parameter Settings for Inferred Entity Instance: lpm_mult:Mult0
 10. Parameter Settings for Inferred Entity Instance: lpm_divide:Div0
 11. Parameter Settings for Inferred Entity Instance: lpm_mult:Mult1
 12. lpm_mult Parameter Settings by Entity Instance
 13. Post-Synthesis Netlist Statistics for Top Partition
 14. Elapsed Time Per Partition
 15. Analysis & Synthesis Messages



----------------
; Legal Notice ;
----------------
Copyright (C) 2020  Intel Corporation. All rights reserved.
Your use of Intel Corporation's design tools, logic functions 
and other software and tools, and any partner logic 
functions, and any output files from any of the foregoing 
(including device programming or simulation files), and any 
associated documentation or information are expressly subject 
to the terms and conditions of the Intel Program License 
Subscription Agreement, the Intel Quartus Prime License Agreement,
the Intel FPGA IP License Agreement, or other applicable license
agreement, including, without limitation, that your use is for
the sole purpose of programming logic devices manufactured by
Intel and sold by Intel or its authorized distributors.  Please
refer to the applicable agreement for further details, at
https://fpgasoftware.intel.com/eula.



+----------------------------------------------------------------------------------+
; Analysis & Synthesis Summary                                                     ;
+------------------------------------+---------------------------------------------+
; Analysis & Synthesis Status        ; Successful - Sun Jun 06 19:45:47 2021       ;
; Quartus Prime Version              ; 20.1.1 Build 720 11/11/2020 SJ Lite Edition ;
; Revision Name                      ; aritmetico                                  ;
; Top-level Entity Name              ; aritmetico                                  ;
; Family                             ; Cyclone IV E                                ;
; Total logic elements               ; 55                                          ;
;     Total combinational functions  ; 55                                          ;
;     Dedicated logic registers      ; 0                                           ;
; Total registers                    ; 0                                           ;
; Total pins                         ; 32                                          ;
; Total virtual pins                 ; 0                                           ;
; Total memory bits                  ; 0                                           ;
; Embedded Multiplier 9-bit elements ; 0                                           ;
; Total PLLs                         ; 0                                           ;
+------------------------------------+---------------------------------------------+


+------------------------------------------------------------------------------------------------------------+
; Analysis & Synthesis Settings                                                                              ;
+------------------------------------------------------------------+--------------------+--------------------+
; Option                                                           ; Setting            ; Default Value      ;
+------------------------------------------------------------------+--------------------+--------------------+
; Top-level entity name                                            ; aritmetico         ; aritmetico         ;
; Family name                                                      ; Cyclone IV E       ; Cyclone V          ;
; Use smart compilation                                            ; Off                ; Off                ;
; Enable parallel Assembler and Timing Analyzer during compilation ; On                 ; On                 ;
; Enable compact report table                                      ; Off                ; Off                ;
; Restructure Multiplexers                                         ; Auto               ; Auto               ;
; Create Debugging Nodes for IP Cores                              ; Off                ; Off                ;
; Preserve fewer node names                                        ; On                 ; On                 ;
; Intel FPGA IP Evaluation Mode                                    ; Enable             ; Enable             ;
; Verilog Version                                                  ; Verilog_2001       ; Verilog_2001       ;
; VHDL Version                                                     ; VHDL_1993          ; VHDL_1993          ;
; State Machine Processing                                         ; Auto               ; Auto               ;
; Safe State Machine                                               ; Off                ; Off                ;
; Extract Verilog State Machines                                   ; On                 ; On                 ;
; Extract VHDL State Machines                                      ; On                 ; On                 ;
; Ignore Verilog initial constructs                                ; Off                ; Off                ;
; Iteration limit for constant Verilog loops                       ; 5000               ; 5000               ;
; Iteration limit for non-constant Verilog loops                   ; 250                ; 250                ;
; Add Pass-Through Logic to Inferred RAMs                          ; On                 ; On                 ;
; Infer RAMs from Raw Logic                                        ; On                 ; On                 ;
; Parallel Synthesis                                               ; On                 ; On                 ;
; DSP Block Balancing                                              ; Auto               ; Auto               ;
; NOT Gate Push-Back                                               ; On                 ; On                 ;
; Power-Up Don't Care                                              ; On                 ; On                 ;
; Remove Redundant Logic Cells                                     ; Off                ; Off                ;
; Remove Duplicate Registers                                       ; On                 ; On                 ;
; Ignore CARRY Buffers                                             ; Off                ; Off                ;
; Ignore CASCADE Buffers                                           ; Off                ; Off                ;
; Ignore GLOBAL Buffers                                            ; Off                ; Off                ;
; Ignore ROW GLOBAL Buffers                                        ; Off                ; Off                ;
; Ignore LCELL Buffers                                             ; Off                ; Off                ;
; Ignore SOFT Buffers                                              ; On                 ; On                 ;
; Limit AHDL Integers to 32 Bits                                   ; Off                ; Off                ;
; Optimization Technique                                           ; Balanced           ; Balanced           ;
; Carry Chain Length                                               ; 70                 ; 70                 ;
; Auto Carry Chains                                                ; On                 ; On                 ;
; Auto Open-Drain Pins                                             ; On                 ; On                 ;
; Perform WYSIWYG Primitive Resynthesis                            ; Off                ; Off                ;
; Auto ROM Replacement                                             ; On                 ; On                 ;
; Auto RAM Replacement                                             ; On                 ; On                 ;
; Auto DSP Block Replacement                                       ; On                 ; On                 ;
; Auto Shift Register Replacement                                  ; Auto               ; Auto               ;
; Allow Shift Register Merging across Hierarchies                  ; Auto               ; Auto               ;
; Auto Clock Enable Replacement                                    ; On                 ; On                 ;
; Strict RAM Replacement                                           ; Off                ; Off                ;
; Allow Synchronous Control Signals                                ; On                 ; On                 ;
; Force Use of Synchronous Clear Signals                           ; Off                ; Off                ;
; Auto RAM Block Balancing                                         ; On                 ; On                 ;
; Auto RAM to Logic Cell Conversion                                ; Off                ; Off                ;
; Auto Resource Sharing                                            ; Off                ; Off                ;
; Allow Any RAM Size For Recognition                               ; Off                ; Off                ;
; Allow Any ROM Size For Recognition                               ; Off                ; Off                ;
; Allow Any Shift Register Size For Recognition                    ; Off                ; Off                ;
; Use LogicLock Constraints during Resource Balancing              ; On                 ; On                 ;
; Ignore translate_off and synthesis_off directives                ; Off                ; Off                ;
; Timing-Driven Synthesis                                          ; On                 ; On                 ;
; Report Parameter Settings                                        ; On                 ; On                 ;
; Report Source Assignments                                        ; On                 ; On                 ;
; Report Connectivity Checks                                       ; On                 ; On                 ;
; Ignore Maximum Fan-Out Assignments                               ; Off                ; Off                ;
; Synchronization Register Chain Length                            ; 2                  ; 2                  ;
; Power Optimization During Synthesis                              ; Normal compilation ; Normal compilation ;
; HDL message level                                                ; Level2             ; Level2             ;
; Suppress Register Optimization Related Messages                  ; Off                ; Off                ;
; Number of Removed Registers Reported in Synthesis Report         ; 5000               ; 5000               ;
; Number of Swept Nodes Reported in Synthesis Report               ; 5000               ; 5000               ;
; Number of Inverted Registers Reported in Synthesis Report        ; 100                ; 100                ;
; Clock MUX Protection                                             ; On                 ; On                 ;
; Auto Gated Clock Conversion                                      ; Off                ; Off                ;
; Block Design Naming                                              ; Auto               ; Auto               ;
; SDC constraint protection                                        ; Off                ; Off                ;
; Synthesis Effort                                                 ; Auto               ; Auto               ;
; Shift Register Replacement - Allow Asynchronous Clear Signal     ; On                 ; On                 ;
; Pre-Mapping Resynthesis Optimization                             ; Off                ; Off                ;
; Analysis & Synthesis Message Level                               ; Medium             ; Medium             ;
; Disable Register Merging Across Hierarchies                      ; Auto               ; Auto               ;
; Resource Aware Inference For Block RAM                           ; On                 ; On                 ;
+------------------------------------------------------------------+--------------------+--------------------+


+------------------------------------------+
; Parallel Compilation                     ;
+----------------------------+-------------+
; Processors                 ; Number      ;
+----------------------------+-------------+
; Number detected on machine ; 4           ;
; Maximum allowed            ; 4           ;
;                            ;             ;
; Average used               ; 1.00        ;
; Maximum used               ; 1           ;
;                            ;             ;
; Usage by Processor         ; % Time Used ;
;     Processor 1            ; 100.0%      ;
+----------------------------+-------------+


+---------------------------------------------------------------------------------------------------------------------------------------------------------------------------------------------------------------------------------+
; Analysis & Synthesis Source Files Read                                                                                                                                                                                          ;
+----------------------------------+-----------------+------------------------------+-----------------------------------------------------------------------------------------------------------------------------------+---------+
; File Name with User-Entered Path ; Used in Netlist ; File Type                    ; File Name with Absolute Path                                                                                                      ; Library ;
+----------------------------------+-----------------+------------------------------+-----------------------------------------------------------------------------------------------------------------------------------+---------+
; aritmetico.v                     ; yes             ; User Verilog HDL File        ; C:/Users/valmy/Documents/GitHub/verilog_HDL/Descrição por Fluxo de Dados/Operações Lógicas/Aritméticos/aritmetico.v               ;         ;
; lpm_mult.tdf                     ; yes             ; Megafunction                 ; c:/intelfpga_lite/20.1/quartus/libraries/megafunctions/lpm_mult.tdf                                                               ;         ;
; aglobal201.inc                   ; yes             ; Megafunction                 ; c:/intelfpga_lite/20.1/quartus/libraries/megafunctions/aglobal201.inc                                                             ;         ;
; lpm_add_sub.inc                  ; yes             ; Megafunction                 ; c:/intelfpga_lite/20.1/quartus/libraries/megafunctions/lpm_add_sub.inc                                                            ;         ;
; multcore.inc                     ; yes             ; Megafunction                 ; c:/intelfpga_lite/20.1/quartus/libraries/megafunctions/multcore.inc                                                               ;         ;
; bypassff.inc                     ; yes             ; Megafunction                 ; c:/intelfpga_lite/20.1/quartus/libraries/megafunctions/bypassff.inc                                                               ;         ;
; altshift.inc                     ; yes             ; Megafunction                 ; c:/intelfpga_lite/20.1/quartus/libraries/megafunctions/altshift.inc                                                               ;         ;
; db/mult_j8t.tdf                  ; yes             ; Auto-Generated Megafunction  ; C:/Users/valmy/Documents/GitHub/verilog_HDL/Descrição por Fluxo de Dados/Operações Lógicas/Aritméticos/db/mult_j8t.tdf            ;         ;
; lpm_divide.tdf                   ; yes             ; Megafunction                 ; c:/intelfpga_lite/20.1/quartus/libraries/megafunctions/lpm_divide.tdf                                                             ;         ;
; abs_divider.inc                  ; yes             ; Megafunction                 ; c:/intelfpga_lite/20.1/quartus/libraries/megafunctions/abs_divider.inc                                                            ;         ;
; sign_div_unsign.inc              ; yes             ; Megafunction                 ; c:/intelfpga_lite/20.1/quartus/libraries/megafunctions/sign_div_unsign.inc                                                        ;         ;
; db/lpm_divide_fhm.tdf            ; yes             ; Auto-Generated Megafunction  ; C:/Users/valmy/Documents/GitHub/verilog_HDL/Descrição por Fluxo de Dados/Operações Lógicas/Aritméticos/db/lpm_divide_fhm.tdf      ;         ;
; db/sign_div_unsign_7kh.tdf       ; yes             ; Auto-Generated Megafunction  ; C:/Users/valmy/Documents/GitHub/verilog_HDL/Descrição por Fluxo de Dados/Operações Lógicas/Aritméticos/db/sign_div_unsign_7kh.tdf ;         ;
; db/alt_u_div_24f.tdf             ; yes             ; Auto-Generated Megafunction  ; C:/Users/valmy/Documents/GitHub/verilog_HDL/Descrição por Fluxo de Dados/Operações Lógicas/Aritméticos/db/alt_u_div_24f.tdf       ;         ;
; db/add_sub_7pc.tdf               ; yes             ; Auto-Generated Megafunction  ; C:/Users/valmy/Documents/GitHub/verilog_HDL/Descrição por Fluxo de Dados/Operações Lógicas/Aritméticos/db/add_sub_7pc.tdf         ;         ;
; db/add_sub_8pc.tdf               ; yes             ; Auto-Generated Megafunction  ; C:/Users/valmy/Documents/GitHub/verilog_HDL/Descrição por Fluxo de Dados/Operações Lógicas/Aritméticos/db/add_sub_8pc.tdf         ;         ;
+----------------------------------+-----------------+------------------------------+-----------------------------------------------------------------------------------------------------------------------------------+---------+


+----------------------------------------------------------+
; Analysis & Synthesis Resource Usage Summary              ;
+---------------------------------------------+------------+
; Resource                                    ; Usage      ;
+---------------------------------------------+------------+
; Estimated Total logic elements              ; 55         ;
;                                             ;            ;
; Total combinational functions               ; 55         ;
; Logic element usage by number of LUT inputs ;            ;
;     -- 4 input functions                    ; 14         ;
;     -- 3 input functions                    ; 26         ;
;     -- <=2 input functions                  ; 15         ;
;                                             ;            ;
; Logic elements by mode                      ;            ;
;     -- normal mode                          ; 34         ;
;     -- arithmetic mode                      ; 21         ;
;                                             ;            ;
; Total registers                             ; 0          ;
;     -- Dedicated logic registers            ; 0          ;
;     -- I/O registers                        ; 0          ;
;                                             ;            ;
; I/O pins                                    ; 32         ;
;                                             ;            ;
; Embedded Multiplier 9-bit elements          ; 0          ;
;                                             ;            ;
; Maximum fan-out node                        ; a[0]~input ;
; Maximum fan-out                             ; 15         ;
; Total fan-out                               ; 210        ;
; Average fan-out                             ; 1.76       ;
+---------------------------------------------+------------+


+----------------------------------------------------------------------------------------------------------------------------------------------------------------------------------------------------------------------------------------------------------------------------------------------------------------------+
; Analysis & Synthesis Resource Utilization by Entity                                                                                                                                                                                                                                                                  ;
+----------------------------------------+---------------------+---------------------------+-------------+--------------+---------+-----------+------+--------------+-------------------------------------------------------------------------------------------------------------+---------------------+--------------+
; Compilation Hierarchy Node             ; Combinational ALUTs ; Dedicated Logic Registers ; Memory Bits ; DSP Elements ; DSP 9x9 ; DSP 18x18 ; Pins ; Virtual Pins ; Full Hierarchy Name                                                                                         ; Entity Name         ; Library Name ;
+----------------------------------------+---------------------+---------------------------+-------------+--------------+---------+-----------+------+--------------+-------------------------------------------------------------------------------------------------------------+---------------------+--------------+
; |aritmetico                            ; 55 (8)              ; 0 (0)                     ; 0           ; 0            ; 0       ; 0         ; 32   ; 0            ; |aritmetico                                                                                                 ; aritmetico          ; work         ;
;    |lpm_divide:Div0|                   ; 20 (0)              ; 0 (0)                     ; 0           ; 0            ; 0       ; 0         ; 0    ; 0            ; |aritmetico|lpm_divide:Div0                                                                                 ; lpm_divide          ; work         ;
;       |lpm_divide_fhm:auto_generated|  ; 20 (0)              ; 0 (0)                     ; 0           ; 0            ; 0       ; 0         ; 0    ; 0            ; |aritmetico|lpm_divide:Div0|lpm_divide_fhm:auto_generated                                                   ; lpm_divide_fhm      ; work         ;
;          |sign_div_unsign_7kh:divider| ; 20 (0)              ; 0 (0)                     ; 0           ; 0            ; 0       ; 0         ; 0    ; 0            ; |aritmetico|lpm_divide:Div0|lpm_divide_fhm:auto_generated|sign_div_unsign_7kh:divider                       ; sign_div_unsign_7kh ; work         ;
;             |alt_u_div_24f:divider|    ; 20 (20)             ; 0 (0)                     ; 0           ; 0            ; 0       ; 0         ; 0    ; 0            ; |aritmetico|lpm_divide:Div0|lpm_divide_fhm:auto_generated|sign_div_unsign_7kh:divider|alt_u_div_24f:divider ; alt_u_div_24f       ; work         ;
;    |lpm_mult:Mult0|                    ; 14 (0)              ; 0 (0)                     ; 0           ; 0            ; 0       ; 0         ; 0    ; 0            ; |aritmetico|lpm_mult:Mult0                                                                                  ; lpm_mult            ; work         ;
;       |mult_j8t:auto_generated|        ; 14 (14)             ; 0 (0)                     ; 0           ; 0            ; 0       ; 0         ; 0    ; 0            ; |aritmetico|lpm_mult:Mult0|mult_j8t:auto_generated                                                          ; mult_j8t            ; work         ;
;    |lpm_mult:Mult1|                    ; 13 (0)              ; 0 (0)                     ; 0           ; 0            ; 0       ; 0         ; 0    ; 0            ; |aritmetico|lpm_mult:Mult1                                                                                  ; lpm_mult            ; work         ;
;       |mult_j8t:auto_generated|        ; 13 (13)             ; 0 (0)                     ; 0           ; 0            ; 0       ; 0         ; 0    ; 0            ; |aritmetico|lpm_mult:Mult1|mult_j8t:auto_generated                                                          ; mult_j8t            ; work         ;
+----------------------------------------+---------------------+---------------------------+-------------+--------------+---------+-----------+------+--------------+-------------------------------------------------------------------------------------------------------------+---------------------+--------------+
Note: For table entries with two numbers listed, the numbers in parentheses indicate the number of resources of the given type used by the specific entity alone. The numbers listed outside of parentheses indicate the total resources of the given type used by the specific entity and all of its sub-entities in the hierarchy.


+------------------------------------------------------+
; General Register Statistics                          ;
+----------------------------------------------+-------+
; Statistic                                    ; Value ;
+----------------------------------------------+-------+
; Total registers                              ; 0     ;
; Number of registers using Synchronous Clear  ; 0     ;
; Number of registers using Synchronous Load   ; 0     ;
; Number of registers using Asynchronous Clear ; 0     ;
; Number of registers using Asynchronous Load  ; 0     ;
; Number of registers using Clock Enable       ; 0     ;
; Number of registers using Preset             ; 0     ;
+----------------------------------------------+-------+


+-------------------------------------------------------------------------------------+
; Parameter Settings for Inferred Entity Instance: lpm_mult:Mult0                     ;
+------------------------------------------------+--------------+---------------------+
; Parameter Name                                 ; Value        ; Type                ;
+------------------------------------------------+--------------+---------------------+
; AUTO_CARRY_CHAINS                              ; ON           ; AUTO_CARRY          ;
; IGNORE_CARRY_BUFFERS                           ; OFF          ; IGNORE_CARRY        ;
; AUTO_CASCADE_CHAINS                            ; ON           ; AUTO_CASCADE        ;
; IGNORE_CASCADE_BUFFERS                         ; OFF          ; IGNORE_CASCADE      ;
; LPM_WIDTHA                                     ; 4            ; Untyped             ;
; LPM_WIDTHB                                     ; 4            ; Untyped             ;
; LPM_WIDTHP                                     ; 8            ; Untyped             ;
; LPM_WIDTHR                                     ; 8            ; Untyped             ;
; LPM_WIDTHS                                     ; 1            ; Untyped             ;
; LPM_REPRESENTATION                             ; UNSIGNED     ; Untyped             ;
; LPM_PIPELINE                                   ; 0            ; Untyped             ;
; LATENCY                                        ; 0            ; Untyped             ;
; INPUT_A_IS_CONSTANT                            ; NO           ; Untyped             ;
; INPUT_B_IS_CONSTANT                            ; NO           ; Untyped             ;
; USE_EAB                                        ; OFF          ; Untyped             ;
; MAXIMIZE_SPEED                                 ; 5            ; Untyped             ;
; DEVICE_FAMILY                                  ; Cyclone IV E ; Untyped             ;
; CARRY_CHAIN                                    ; MANUAL       ; Untyped             ;
; APEX20K_TECHNOLOGY_MAPPER                      ; LUT          ; TECH_MAPPER_APEX20K ;
; DEDICATED_MULTIPLIER_CIRCUITRY                 ; AUTO         ; Untyped             ;
; DEDICATED_MULTIPLIER_MIN_INPUT_WIDTH_FOR_AUTO  ; 0            ; Untyped             ;
; DEDICATED_MULTIPLIER_MIN_OUTPUT_WIDTH_FOR_AUTO ; 0            ; Untyped             ;
; CBXI_PARAMETER                                 ; mult_j8t     ; Untyped             ;
; INPUT_A_FIXED_VALUE                            ; Bx           ; Untyped             ;
; INPUT_B_FIXED_VALUE                            ; Bx           ; Untyped             ;
; USE_AHDL_IMPLEMENTATION                        ; OFF          ; Untyped             ;
+------------------------------------------------+--------------+---------------------+
Note: In order to hide this table in the UI and the text report file, please set the "Show Parameter Settings in Synthesis Report" option in "Analysis and Synthesis Settings -> More Settings" to "Off".


+------------------------------------------------------------------+
; Parameter Settings for Inferred Entity Instance: lpm_divide:Div0 ;
+------------------------+----------------+------------------------+
; Parameter Name         ; Value          ; Type                   ;
+------------------------+----------------+------------------------+
; LPM_WIDTHN             ; 4              ; Untyped                ;
; LPM_WIDTHD             ; 4              ; Untyped                ;
; LPM_NREPRESENTATION    ; UNSIGNED       ; Untyped                ;
; LPM_DREPRESENTATION    ; UNSIGNED       ; Untyped                ;
; LPM_PIPELINE           ; 0              ; Untyped                ;
; LPM_REMAINDERPOSITIVE  ; TRUE           ; Untyped                ;
; MAXIMIZE_SPEED         ; 5              ; Untyped                ;
; CBXI_PARAMETER         ; lpm_divide_fhm ; Untyped                ;
; CARRY_CHAIN            ; MANUAL         ; Untyped                ;
; OPTIMIZE_FOR_SPEED     ; 5              ; Untyped                ;
; AUTO_CARRY_CHAINS      ; ON             ; AUTO_CARRY             ;
; IGNORE_CARRY_BUFFERS   ; OFF            ; IGNORE_CARRY           ;
; AUTO_CASCADE_CHAINS    ; ON             ; AUTO_CASCADE           ;
; IGNORE_CASCADE_BUFFERS ; OFF            ; IGNORE_CASCADE         ;
+------------------------+----------------+------------------------+
Note: In order to hide this table in the UI and the text report file, please set the "Show Parameter Settings in Synthesis Report" option in "Analysis and Synthesis Settings -> More Settings" to "Off".


+-------------------------------------------------------------------------------------+
; Parameter Settings for Inferred Entity Instance: lpm_mult:Mult1                     ;
+------------------------------------------------+--------------+---------------------+
; Parameter Name                                 ; Value        ; Type                ;
+------------------------------------------------+--------------+---------------------+
; AUTO_CARRY_CHAINS                              ; ON           ; AUTO_CARRY          ;
; IGNORE_CARRY_BUFFERS                           ; OFF          ; IGNORE_CARRY        ;
; AUTO_CASCADE_CHAINS                            ; ON           ; AUTO_CASCADE        ;
; IGNORE_CASCADE_BUFFERS                         ; OFF          ; IGNORE_CASCADE      ;
; LPM_WIDTHA                                     ; 4            ; Untyped             ;
; LPM_WIDTHB                                     ; 4            ; Untyped             ;
; LPM_WIDTHP                                     ; 8            ; Untyped             ;
; LPM_WIDTHR                                     ; 8            ; Untyped             ;
; LPM_WIDTHS                                     ; 1            ; Untyped             ;
; LPM_REPRESENTATION                             ; UNSIGNED     ; Untyped             ;
; LPM_PIPELINE                                   ; 0            ; Untyped             ;
; LATENCY                                        ; 0            ; Untyped             ;
; INPUT_A_IS_CONSTANT                            ; NO           ; Untyped             ;
; INPUT_B_IS_CONSTANT                            ; NO           ; Untyped             ;
; USE_EAB                                        ; OFF          ; Untyped             ;
; MAXIMIZE_SPEED                                 ; 5            ; Untyped             ;
; DEVICE_FAMILY                                  ; Cyclone IV E ; Untyped             ;
; CARRY_CHAIN                                    ; MANUAL       ; Untyped             ;
; APEX20K_TECHNOLOGY_MAPPER                      ; LUT          ; TECH_MAPPER_APEX20K ;
; DEDICATED_MULTIPLIER_CIRCUITRY                 ; AUTO         ; Untyped             ;
; DEDICATED_MULTIPLIER_MIN_INPUT_WIDTH_FOR_AUTO  ; 0            ; Untyped             ;
; DEDICATED_MULTIPLIER_MIN_OUTPUT_WIDTH_FOR_AUTO ; 0            ; Untyped             ;
; CBXI_PARAMETER                                 ; mult_j8t     ; Untyped             ;
; INPUT_A_FIXED_VALUE                            ; Bx           ; Untyped             ;
; INPUT_B_FIXED_VALUE                            ; Bx           ; Untyped             ;
; USE_AHDL_IMPLEMENTATION                        ; OFF          ; Untyped             ;
+------------------------------------------------+--------------+---------------------+
Note: In order to hide this table in the UI and the text report file, please set the "Show Parameter Settings in Synthesis Report" option in "Analysis and Synthesis Settings -> More Settings" to "Off".


+--------------------------------------------------------+
; lpm_mult Parameter Settings by Entity Instance         ;
+---------------------------------------+----------------+
; Name                                  ; Value          ;
+---------------------------------------+----------------+
; Number of entity instances            ; 2              ;
; Entity Instance                       ; lpm_mult:Mult0 ;
;     -- LPM_WIDTHA                     ; 4              ;
;     -- LPM_WIDTHB                     ; 4              ;
;     -- LPM_WIDTHP                     ; 8              ;
;     -- LPM_REPRESENTATION             ; UNSIGNED       ;
;     -- INPUT_A_IS_CONSTANT            ; NO             ;
;     -- INPUT_B_IS_CONSTANT            ; NO             ;
;     -- USE_EAB                        ; OFF            ;
;     -- DEDICATED_MULTIPLIER_CIRCUITRY ; AUTO           ;
;     -- INPUT_A_FIXED_VALUE            ; Bx             ;
;     -- INPUT_B_FIXED_VALUE            ; Bx             ;
; Entity Instance                       ; lpm_mult:Mult1 ;
;     -- LPM_WIDTHA                     ; 4              ;
;     -- LPM_WIDTHB                     ; 4              ;
;     -- LPM_WIDTHP                     ; 8              ;
;     -- LPM_REPRESENTATION             ; UNSIGNED       ;
;     -- INPUT_A_IS_CONSTANT            ; NO             ;
;     -- INPUT_B_IS_CONSTANT            ; NO             ;
;     -- USE_EAB                        ; OFF            ;
;     -- DEDICATED_MULTIPLIER_CIRCUITRY ; AUTO           ;
;     -- INPUT_A_FIXED_VALUE            ; Bx             ;
;     -- INPUT_B_FIXED_VALUE            ; Bx             ;
+---------------------------------------+----------------+


+-----------------------------------------------------+
; Post-Synthesis Netlist Statistics for Top Partition ;
+-----------------------+-----------------------------+
; Type                  ; Count                       ;
+-----------------------+-----------------------------+
; boundary_port         ; 32                          ;
; cycloneiii_lcell_comb ; 60                          ;
;     arith             ; 21                          ;
;         2 data inputs ; 2                           ;
;         3 data inputs ; 19                          ;
;     normal            ; 39                          ;
;         0 data inputs ; 3                           ;
;         1 data inputs ; 6                           ;
;         2 data inputs ; 9                           ;
;         3 data inputs ; 7                           ;
;         4 data inputs ; 14                          ;
;                       ;                             ;
; Max LUT depth         ; 6.50                        ;
; Average LUT depth     ; 3.61                        ;
+-----------------------+-----------------------------+


+-------------------------------+
; Elapsed Time Per Partition    ;
+----------------+--------------+
; Partition Name ; Elapsed Time ;
+----------------+--------------+
; Top            ; 00:00:03     ;
+----------------+--------------+


+-------------------------------+
; Analysis & Synthesis Messages ;
+-------------------------------+
Info: *******************************************************************
Info: Running Quartus Prime Analysis & Synthesis
    Info: Version 20.1.1 Build 720 11/11/2020 SJ Lite Edition
    Info: Processing started: Sun Jun 06 19:45:14 2021
Info: Command: quartus_map --read_settings_files=on --write_settings_files=off aritmetico -c aritmetico
Warning (18236): Number of processors has not been specified which may cause overloading on shared machines.  Set the global assignment NUM_PARALLEL_PROCESSORS in your QSF to an appropriate value for best performance.
Info (20030): Parallel compilation is enabled and will use 4 of the 4 processors detected
Info (12021): Found 1 design units, including 1 entities, in source file aritmetico.v
    Info (12023): Found entity 1: aritmetico File: C:/Users/valmy/Documents/GitHub/verilog_HDL/Descrição por Fluxo de Dados/Operações Lógicas/Aritméticos/aritmetico.v Line: 1
Info (12127): Elaborating entity "aritmetico" for the top level hierarchy
Warning (10230): Verilog HDL assignment warning at aritmetico.v(7): truncated value with size 32 to match size of target (4) File: C:/Users/valmy/Documents/GitHub/verilog_HDL/Descrição por Fluxo de Dados/Operações Lógicas/Aritméticos/aritmetico.v Line: 7
Info (278001): Inferred 3 megafunctions from design logic
    Info (278003): Inferred multiplier megafunction ("lpm_mult") from the following logic: "Mult0" File: C:/Users/valmy/Documents/GitHub/verilog_HDL/Descrição por Fluxo de Dados/Operações Lógicas/Aritméticos/aritmetico.v Line: 5
    Info (278004): Inferred divider/modulo megafunction ("lpm_divide") from the following logic: "Div0" File: C:/Users/valmy/Documents/GitHub/verilog_HDL/Descrição por Fluxo de Dados/Operações Lógicas/Aritméticos/aritmetico.v Line: 6
    Info (278003): Inferred multiplier megafunction ("lpm_mult") from the following logic: "Mult1" File: C:/Users/valmy/Documents/GitHub/verilog_HDL/Descrição por Fluxo de Dados/Operações Lógicas/Aritméticos/aritmetico.v Line: 8
Info (12130): Elaborated megafunction instantiation "lpm_mult:Mult0" File: C:/Users/valmy/Documents/GitHub/verilog_HDL/Descrição por Fluxo de Dados/Operações Lógicas/Aritméticos/aritmetico.v Line: 5
Info (12133): Instantiated megafunction "lpm_mult:Mult0" with the following parameter: File: C:/Users/valmy/Documents/GitHub/verilog_HDL/Descrição por Fluxo de Dados/Operações Lógicas/Aritméticos/aritmetico.v Line: 5
    Info (12134): Parameter "LPM_WIDTHA" = "4"
    Info (12134): Parameter "LPM_WIDTHB" = "4"
    Info (12134): Parameter "LPM_WIDTHP" = "8"
    Info (12134): Parameter "LPM_WIDTHR" = "8"
    Info (12134): Parameter "LPM_WIDTHS" = "1"
    Info (12134): Parameter "LPM_REPRESENTATION" = "UNSIGNED"
    Info (12134): Parameter "INPUT_A_IS_CONSTANT" = "NO"
    Info (12134): Parameter "INPUT_B_IS_CONSTANT" = "NO"
    Info (12134): Parameter "MAXIMIZE_SPEED" = "5"
Info (12021): Found 1 design units, including 1 entities, in source file db/mult_j8t.tdf
    Info (12023): Found entity 1: mult_j8t File: C:/Users/valmy/Documents/GitHub/verilog_HDL/Descrição por Fluxo de Dados/Operações Lógicas/Aritméticos/db/mult_j8t.tdf Line: 29
Info (12130): Elaborated megafunction instantiation "lpm_divide:Div0" File: C:/Users/valmy/Documents/GitHub/verilog_HDL/Descrição por Fluxo de Dados/Operações Lógicas/Aritméticos/aritmetico.v Line: 6
Info (12133): Instantiated megafunction "lpm_divide:Div0" with the following parameter: File: C:/Users/valmy/Documents/GitHub/verilog_HDL/Descrição por Fluxo de Dados/Operações Lógicas/Aritméticos/aritmetico.v Line: 6
    Info (12134): Parameter "LPM_WIDTHN" = "4"
    Info (12134): Parameter "LPM_WIDTHD" = "4"
    Info (12134): Parameter "LPM_NREPRESENTATION" = "UNSIGNED"
    Info (12134): Parameter "LPM_DREPRESENTATION" = "UNSIGNED"
Info (12021): Found 1 design units, including 1 entities, in source file db/lpm_divide_fhm.tdf
    Info (12023): Found entity 1: lpm_divide_fhm File: C:/Users/valmy/Documents/GitHub/verilog_HDL/Descrição por Fluxo de Dados/Operações Lógicas/Aritméticos/db/lpm_divide_fhm.tdf Line: 25
Info (12021): Found 1 design units, including 1 entities, in source file db/sign_div_unsign_7kh.tdf
    Info (12023): Found entity 1: sign_div_unsign_7kh File: C:/Users/valmy/Documents/GitHub/verilog_HDL/Descrição por Fluxo de Dados/Operações Lógicas/Aritméticos/db/sign_div_unsign_7kh.tdf Line: 25
Info (12021): Found 1 design units, including 1 entities, in source file db/alt_u_div_24f.tdf
    Info (12023): Found entity 1: alt_u_div_24f File: C:/Users/valmy/Documents/GitHub/verilog_HDL/Descrição por Fluxo de Dados/Operações Lógicas/Aritméticos/db/alt_u_div_24f.tdf Line: 27
Info (12021): Found 1 design units, including 1 entities, in source file db/add_sub_7pc.tdf
    Info (12023): Found entity 1: add_sub_7pc File: C:/Users/valmy/Documents/GitHub/verilog_HDL/Descrição por Fluxo de Dados/Operações Lógicas/Aritméticos/db/add_sub_7pc.tdf Line: 23
Info (12021): Found 1 design units, including 1 entities, in source file db/add_sub_8pc.tdf
    Info (12023): Found entity 1: add_sub_8pc File: C:/Users/valmy/Documents/GitHub/verilog_HDL/Descrição por Fluxo de Dados/Operações Lógicas/Aritméticos/db/add_sub_8pc.tdf Line: 23
Info (12130): Elaborated megafunction instantiation "lpm_mult:Mult1" File: C:/Users/valmy/Documents/GitHub/verilog_HDL/Descrição por Fluxo de Dados/Operações Lógicas/Aritméticos/aritmetico.v Line: 8
Info (12133): Instantiated megafunction "lpm_mult:Mult1" with the following parameter: File: C:/Users/valmy/Documents/GitHub/verilog_HDL/Descrição por Fluxo de Dados/Operações Lógicas/Aritméticos/aritmetico.v Line: 8
    Info (12134): Parameter "LPM_WIDTHA" = "4"
    Info (12134): Parameter "LPM_WIDTHB" = "4"
    Info (12134): Parameter "LPM_WIDTHP" = "8"
    Info (12134): Parameter "LPM_WIDTHR" = "8"
    Info (12134): Parameter "LPM_WIDTHS" = "1"
    Info (12134): Parameter "LPM_REPRESENTATION" = "UNSIGNED"
    Info (12134): Parameter "INPUT_A_IS_CONSTANT" = "NO"
    Info (12134): Parameter "INPUT_B_IS_CONSTANT" = "NO"
    Info (12134): Parameter "MAXIMIZE_SPEED" = "5"
Warning (14284): Synthesized away the following node(s):
    Warning (14285): Synthesized away the following LCELL buffer node(s):
        Warning (14320): Synthesized away node "lpm_mult:Mult1|mult_j8t:auto_generated|le3a[5]" File: C:/Users/valmy/Documents/GitHub/verilog_HDL/Descrição por Fluxo de Dados/Operações Lógicas/Aritméticos/db/mult_j8t.tdf Line: 41
        Warning (14320): Synthesized away node "lpm_mult:Mult1|mult_j8t:auto_generated|le5a[4]" File: C:/Users/valmy/Documents/GitHub/verilog_HDL/Descrição por Fluxo de Dados/Operações Lógicas/Aritméticos/db/mult_j8t.tdf Line: 43
        Warning (14320): Synthesized away node "lpm_mult:Mult1|mult_j8t:auto_generated|le5a[0]" File: C:/Users/valmy/Documents/GitHub/verilog_HDL/Descrição por Fluxo de Dados/Operações Lógicas/Aritméticos/db/mult_j8t.tdf Line: 43
        Warning (14320): Synthesized away node "lpm_mult:Mult0|mult_j8t:auto_generated|le3a[5]" File: C:/Users/valmy/Documents/GitHub/verilog_HDL/Descrição por Fluxo de Dados/Operações Lógicas/Aritméticos/db/mult_j8t.tdf Line: 41
        Warning (14320): Synthesized away node "lpm_mult:Mult0|mult_j8t:auto_generated|le5a[4]" File: C:/Users/valmy/Documents/GitHub/verilog_HDL/Descrição por Fluxo de Dados/Operações Lógicas/Aritméticos/db/mult_j8t.tdf Line: 43
        Warning (14320): Synthesized away node "lpm_mult:Mult0|mult_j8t:auto_generated|le5a[0]" File: C:/Users/valmy/Documents/GitHub/verilog_HDL/Descrição por Fluxo de Dados/Operações Lógicas/Aritméticos/db/mult_j8t.tdf Line: 43
Warning (14284): Synthesized away the following node(s):
    Warning (14285): Synthesized away the following LCELL buffer node(s):
        Warning (14320): Synthesized away node "lpm_mult:Mult1|mult_j8t:auto_generated|le3a[4]" File: C:/Users/valmy/Documents/GitHub/verilog_HDL/Descrição por Fluxo de Dados/Operações Lógicas/Aritméticos/db/mult_j8t.tdf Line: 41
        Warning (14320): Synthesized away node "lpm_mult:Mult1|mult_j8t:auto_generated|le4a[5]" File: C:/Users/valmy/Documents/GitHub/verilog_HDL/Descrição por Fluxo de Dados/Operações Lógicas/Aritméticos/db/mult_j8t.tdf Line: 42
        Warning (14320): Synthesized away node "lpm_mult:Mult1|mult_j8t:auto_generated|le4a[4]" File: C:/Users/valmy/Documents/GitHub/verilog_HDL/Descrição por Fluxo de Dados/Operações Lógicas/Aritméticos/db/mult_j8t.tdf Line: 42
        Warning (14320): Synthesized away node "lpm_mult:Mult1|mult_j8t:auto_generated|le4a[3]" File: C:/Users/valmy/Documents/GitHub/verilog_HDL/Descrição por Fluxo de Dados/Operações Lógicas/Aritméticos/db/mult_j8t.tdf Line: 42
        Warning (14320): Synthesized away node "lpm_mult:Mult1|mult_j8t:auto_generated|le4a[2]" File: C:/Users/valmy/Documents/GitHub/verilog_HDL/Descrição por Fluxo de Dados/Operações Lógicas/Aritméticos/db/mult_j8t.tdf Line: 42
        Warning (14320): Synthesized away node "lpm_mult:Mult1|mult_j8t:auto_generated|le5a[3]" File: C:/Users/valmy/Documents/GitHub/verilog_HDL/Descrição por Fluxo de Dados/Operações Lógicas/Aritméticos/db/mult_j8t.tdf Line: 43
        Warning (14320): Synthesized away node "lpm_mult:Mult1|mult_j8t:auto_generated|le5a[2]" File: C:/Users/valmy/Documents/GitHub/verilog_HDL/Descrição por Fluxo de Dados/Operações Lógicas/Aritméticos/db/mult_j8t.tdf Line: 43
        Warning (14320): Synthesized away node "lpm_mult:Mult1|mult_j8t:auto_generated|le5a[1]" File: C:/Users/valmy/Documents/GitHub/verilog_HDL/Descrição por Fluxo de Dados/Operações Lógicas/Aritméticos/db/mult_j8t.tdf Line: 43
        Warning (14320): Synthesized away node "lpm_mult:Mult0|mult_j8t:auto_generated|le3a[4]" File: C:/Users/valmy/Documents/GitHub/verilog_HDL/Descrição por Fluxo de Dados/Operações Lógicas/Aritméticos/db/mult_j8t.tdf Line: 41
        Warning (14320): Synthesized away node "lpm_mult:Mult0|mult_j8t:auto_generated|le4a[5]" File: C:/Users/valmy/Documents/GitHub/verilog_HDL/Descrição por Fluxo de Dados/Operações Lógicas/Aritméticos/db/mult_j8t.tdf Line: 42
        Warning (14320): Synthesized away node "lpm_mult:Mult0|mult_j8t:auto_generated|le4a[4]" File: C:/Users/valmy/Documents/GitHub/verilog_HDL/Descrição por Fluxo de Dados/Operações Lógicas/Aritméticos/db/mult_j8t.tdf Line: 42
        Warning (14320): Synthesized away node "lpm_mult:Mult0|mult_j8t:auto_generated|le4a[3]" File: C:/Users/valmy/Documents/GitHub/verilog_HDL/Descrição por Fluxo de Dados/Operações Lógicas/Aritméticos/db/mult_j8t.tdf Line: 42
        Warning (14320): Synthesized away node "lpm_mult:Mult0|mult_j8t:auto_generated|le4a[2]" File: C:/Users/valmy/Documents/GitHub/verilog_HDL/Descrição por Fluxo de Dados/Operações Lógicas/Aritméticos/db/mult_j8t.tdf Line: 42
        Warning (14320): Synthesized away node "lpm_mult:Mult0|mult_j8t:auto_generated|le5a[3]" File: C:/Users/valmy/Documents/GitHub/verilog_HDL/Descrição por Fluxo de Dados/Operações Lógicas/Aritméticos/db/mult_j8t.tdf Line: 43
        Warning (14320): Synthesized away node "lpm_mult:Mult0|mult_j8t:auto_generated|le5a[2]" File: C:/Users/valmy/Documents/GitHub/verilog_HDL/Descrição por Fluxo de Dados/Operações Lógicas/Aritméticos/db/mult_j8t.tdf Line: 43
        Warning (14320): Synthesized away node "lpm_mult:Mult0|mult_j8t:auto_generated|le5a[1]" File: C:/Users/valmy/Documents/GitHub/verilog_HDL/Descrição por Fluxo de Dados/Operações Lógicas/Aritméticos/db/mult_j8t.tdf Line: 43
Info (13014): Ignored 38 buffer(s)
    Info (13016): Ignored 8 CARRY_SUM buffer(s)
    Info (13019): Ignored 30 SOFT buffer(s)
Warning (13024): Output pins are stuck at VCC or GND
    Warning (13410): Pin "s4[1]" is stuck at GND File: C:/Users/valmy/Documents/GitHub/verilog_HDL/Descrição por Fluxo de Dados/Operações Lógicas/Aritméticos/aritmetico.v Line: 1
    Warning (13410): Pin "s4[2]" is stuck at GND File: C:/Users/valmy/Documents/GitHub/verilog_HDL/Descrição por Fluxo de Dados/Operações Lógicas/Aritméticos/aritmetico.v Line: 1
    Warning (13410): Pin "s4[3]" is stuck at GND File: C:/Users/valmy/Documents/GitHub/verilog_HDL/Descrição por Fluxo de Dados/Operações Lógicas/Aritméticos/aritmetico.v Line: 1
    Warning (13410): Pin "s5[1]" is stuck at GND File: C:/Users/valmy/Documents/GitHub/verilog_HDL/Descrição por Fluxo de Dados/Operações Lógicas/Aritméticos/aritmetico.v Line: 1
Info (286030): Timing-Driven Synthesis is running
Info (16010): Generating hard_block partition "hard_block:auto_generated_inst"
    Info (16011): Adding 0 node(s), including 0 DDIO, 0 PLL, 0 transceiver and 0 LCELL
Info (21057): Implemented 87 device resources after synthesis - the final resource count might be different
    Info (21058): Implemented 8 input pins
    Info (21059): Implemented 24 output pins
    Info (21061): Implemented 55 logic cells
Info: Quartus Prime Analysis & Synthesis was successful. 0 errors, 33 warnings
    Info: Peak virtual memory: 4773 megabytes
    Info: Processing ended: Sun Jun 06 19:45:48 2021
    Info: Elapsed time: 00:00:34
    Info: Total CPU time (on all processors): 00:01:08


